2023-12-05T09:34:11.253-03:00  INFO 33012 --- [restartedMain] c.g.a.mscartoes.MsCartoesApplication     : Starting MsCartoesApplication using Java 17.0.5 with PID 33012 (C:\Users\alexn\Documents\workspace-spring-tool-suite-4-4.17.0.RELEASE\curso-micro-services\ms_cartoes\target\classes started by alexn in C:\Users\alexn\Documents\workspace-spring-tool-suite-4-4.17.0.RELEASE\curso-micro-services\ms_cartoes)
2023-12-05T09:34:11.260-03:00  INFO 33012 --- [restartedMain] c.g.a.mscartoes.MsCartoesApplication     : No active profile set, falling back to 1 default profile: "default"
2023-12-05T09:34:11.314-03:00  INFO 33012 --- [restartedMain] .e.DevToolsPropertyDefaultsPostProcessor : Devtools property defaults active! Set 'spring.devtools.add-properties' to 'false' to disable
2023-12-05T09:34:11.314-03:00  INFO 33012 --- [restartedMain] .e.DevToolsPropertyDefaultsPostProcessor : For additional web related logging consider setting the 'logging.level.web' property to 'DEBUG'
2023-12-05T09:34:12.450-03:00  INFO 33012 --- [restartedMain] .s.d.r.c.RepositoryConfigurationDelegate : Bootstrapping Spring Data JPA repositories in DEFAULT mode.
2023-12-05T09:34:12.569-03:00  INFO 33012 --- [restartedMain] .s.d.r.c.RepositoryConfigurationDelegate : Finished Spring Data repository scanning in 111 ms. Found 2 JPA repository interfaces.
2023-12-05T09:34:12.838-03:00  INFO 33012 --- [restartedMain] o.s.cloud.context.scope.GenericScope     : BeanFactory id=2c796c5b-2125-39b2-8f27-5460871d5c48
2023-12-05T09:34:13.681-03:00  INFO 33012 --- [restartedMain] o.s.b.w.embedded.tomcat.TomcatWebServer  : Tomcat initialized with port(s): 0 (http)
2023-12-05T09:34:13.695-03:00  INFO 33012 --- [restartedMain] o.apache.catalina.core.StandardService   : Starting service [Tomcat]
2023-12-05T09:34:13.696-03:00  INFO 33012 --- [restartedMain] o.apache.catalina.core.StandardEngine    : Starting Servlet engine: [Apache Tomcat/10.1.16]
2023-12-05T09:34:13.793-03:00  INFO 33012 --- [restartedMain] o.a.c.c.C.[Tomcat].[localhost].[/]       : Initializing Spring embedded WebApplicationContext
2023-12-05T09:34:13.793-03:00  INFO 33012 --- [restartedMain] w.s.c.ServletWebServerApplicationContext : Root WebApplicationContext: initialization completed in 2478 ms
2023-12-05T09:34:13.979-03:00  INFO 33012 --- [restartedMain] com.zaxxer.hikari.HikariDataSource       : HikariPool-1 - Starting...
2023-12-05T09:34:14.225-03:00  INFO 33012 --- [restartedMain] com.zaxxer.hikari.pool.HikariPool        : HikariPool-1 - Added connection conn0: url=jdbc:h2:mem:14564d17-588e-4899-b8ad-c7661b0f1046 user=SA
2023-12-05T09:34:14.227-03:00  INFO 33012 --- [restartedMain] com.zaxxer.hikari.HikariDataSource       : HikariPool-1 - Start completed.
2023-12-05T09:34:14.240-03:00  INFO 33012 --- [restartedMain] o.s.b.a.h2.H2ConsoleAutoConfiguration    : H2 console available at '/h2-console'. Database available at 'jdbc:h2:mem:14564d17-588e-4899-b8ad-c7661b0f1046'
2023-12-05T09:34:14.702-03:00  INFO 33012 --- [restartedMain] o.hibernate.jpa.internal.util.LogHelper  : HHH000204: Processing PersistenceUnitInfo [name: default]
2023-12-05T09:34:14.805-03:00  INFO 33012 --- [restartedMain] org.hibernate.Version                    : HHH000412: Hibernate ORM core version 6.2.13.Final
2023-12-05T09:34:14.807-03:00  INFO 33012 --- [restartedMain] org.hibernate.cfg.Environment            : HHH000406: Using bytecode reflection optimizer
2023-12-05T09:34:15.062-03:00  INFO 33012 --- [restartedMain] o.s.o.j.p.SpringPersistenceUnitInfo      : No LoadTimeWeaver setup: ignoring JPA class transformer
2023-12-05T09:34:15.758-03:00  INFO 33012 --- [restartedMain] o.h.e.t.j.p.i.JtaPlatformInitiator       : HHH000489: No JTA platform available (set 'hibernate.transaction.jta.platform' to enable JTA platform integration)
2023-12-05T09:34:15.791-03:00  INFO 33012 --- [restartedMain] j.LocalContainerEntityManagerFactoryBean : Initialized JPA EntityManagerFactory for persistence unit 'default'
2023-12-05T09:34:16.351-03:00  WARN 33012 --- [restartedMain] JpaBaseConfiguration$JpaWebConfiguration : spring.jpa.open-in-view is enabled by default. Therefore, database queries may be performed during view rendering. Explicitly configure spring.jpa.open-in-view to disable this warning
2023-12-05T09:34:17.636-03:00  WARN 33012 --- [restartedMain] o.s.b.d.a.OptionalLiveReloadServer       : Unable to start LiveReload server
2023-12-05T09:34:17.717-03:00  INFO 33012 --- [restartedMain] DiscoveryClientOptionalArgsConfiguration : Eureka HTTP Client uses RestTemplate.
2023-12-05T09:34:17.752-03:00  WARN 33012 --- [restartedMain] iguration$LoadBalancerCaffeineWarnLogger : Spring Cloud LoadBalancer is currently working with the default cache. While this cache implementation is useful for development and tests, it's recommended to use Caffeine cache in production.You can switch to using Caffeine cache, by adding it and org.springframework.cache.caffeine.CaffeineCacheManager to the classpath.
2023-12-05T09:34:17.756-03:00  INFO 33012 --- [restartedMain] o.s.b.a.e.web.EndpointLinksResolver      : Exposing 17 endpoint(s) beneath base path '/actuator'
2023-12-05T09:34:17.869-03:00  INFO 33012 --- [restartedMain] o.s.b.w.embedded.tomcat.TomcatWebServer  : Tomcat started on port(s): 64843 (http) with context path ''
2023-12-05T09:34:17.872-03:00  INFO 33012 --- [restartedMain] .s.c.n.e.s.EurekaAutoServiceRegistration : Updating port to 64843
2023-12-05T09:34:17.879-03:00  INFO 33012 --- [restartedMain] o.s.c.n.eureka.InstanceInfoFactory       : Setting initial instance status as: STARTING
2023-12-05T09:34:17.957-03:00  INFO 33012 --- [restartedMain] com.netflix.discovery.DiscoveryClient    : Initializing Eureka in region us-east-1
2023-12-05T09:34:17.962-03:00  INFO 33012 --- [restartedMain] c.n.d.s.r.aws.ConfigClusterResolver      : Resolving eureka endpoints via configuration
2023-12-05T09:34:17.988-03:00  INFO 33012 --- [restartedMain] com.netflix.discovery.DiscoveryClient    : Disable delta property : false
2023-12-05T09:34:17.988-03:00  INFO 33012 --- [restartedMain] com.netflix.discovery.DiscoveryClient    : Single vip registry refresh property : null
2023-12-05T09:34:17.989-03:00  INFO 33012 --- [restartedMain] com.netflix.discovery.DiscoveryClient    : Force full registry fetch : false
2023-12-05T09:34:17.989-03:00  INFO 33012 --- [restartedMain] com.netflix.discovery.DiscoveryClient    : Application is null : false
2023-12-05T09:34:17.989-03:00  INFO 33012 --- [restartedMain] com.netflix.discovery.DiscoveryClient    : Registered Applications size is zero : true
2023-12-05T09:34:17.989-03:00  INFO 33012 --- [restartedMain] com.netflix.discovery.DiscoveryClient    : Application version is -1: true
2023-12-05T09:34:17.989-03:00  INFO 33012 --- [restartedMain] com.netflix.discovery.DiscoveryClient    : Getting all instance registry info from the eureka server
2023-12-05T09:34:18.264-03:00  INFO 33012 --- [restartedMain] com.netflix.discovery.DiscoveryClient    : The response status is 200
2023-12-05T09:34:18.266-03:00  INFO 33012 --- [restartedMain] com.netflix.discovery.DiscoveryClient    : Starting heartbeat executor: renew interval is: 30
2023-12-05T09:34:18.268-03:00  INFO 33012 --- [restartedMain] c.n.discovery.InstanceInfoReplicator     : InstanceInfoReplicator onDemand update allowed rate per min is 4
2023-12-05T09:34:18.272-03:00  INFO 33012 --- [restartedMain] com.netflix.discovery.DiscoveryClient    : Discovery Client initialized at timestamp 1701779658271 with initial instances count: 1
2023-12-05T09:34:18.274-03:00  INFO 33012 --- [restartedMain] o.s.c.n.e.s.EurekaServiceRegistry        : Registering application MSCARTOES with eureka with status UP
2023-12-05T09:34:18.274-03:00  INFO 33012 --- [restartedMain] com.netflix.discovery.DiscoveryClient    : Saw local status change event StatusChangeEvent [timestamp=1701779658274, current=UP, previous=STARTING]
2023-12-05T09:34:18.275-03:00  INFO 33012 --- [DiscoveryClient-InstanceInfoReplicator-0] com.netflix.discovery.DiscoveryClient    : DiscoveryClient_MSCARTOES/mscartoes:6a3a8da3e41967d0dc0e8e51d0bec30d: registering service...
2023-12-05T09:34:18.350-03:00  INFO 33012 --- [restartedMain] o.s.a.r.c.CachingConnectionFactory       : Attempting to connect to: [localhost:5672]
2023-12-05T09:34:18.376-03:00  INFO 33012 --- [DiscoveryClient-InstanceInfoReplicator-0] com.netflix.discovery.DiscoveryClient    : DiscoveryClient_MSCARTOES/mscartoes:6a3a8da3e41967d0dc0e8e51d0bec30d - registration status: 204
2023-12-05T09:34:18.387-03:00  INFO 33012 --- [restartedMain] o.s.a.r.c.CachingConnectionFactory       : Created new connection: rabbitConnectionFactory#49df0221:0/SimpleConnection@7eeb5f7b [delegate=amqp://guest@127.0.0.1:5672/, localPort=64846]
2023-12-05T09:34:18.458-03:00  INFO 33012 --- [restartedMain] c.g.a.mscartoes.MsCartoesApplication     : Started MsCartoesApplication in 7.676 seconds (process running for 8.17)
2023-12-05T09:39:18.003-03:00  INFO 33012 --- [AsyncResolver-bootstrap-executor-0] c.n.d.s.r.aws.ConfigClusterResolver      : Resolving eureka endpoints via configuration
2023-12-05T09:44:18.019-03:00  INFO 33012 --- [AsyncResolver-bootstrap-executor-0] c.n.d.s.r.aws.ConfigClusterResolver      : Resolving eureka endpoints via configuration
2023-12-05T09:49:18.021-03:00  INFO 33012 --- [AsyncResolver-bootstrap-executor-0] c.n.d.s.r.aws.ConfigClusterResolver      : Resolving eureka endpoints via configuration
2023-12-05T09:54:18.032-03:00  INFO 33012 --- [AsyncResolver-bootstrap-executor-0] c.n.d.s.r.aws.ConfigClusterResolver      : Resolving eureka endpoints via configuration
2023-12-05T09:59:18.033-03:00  INFO 33012 --- [AsyncResolver-bootstrap-executor-0] c.n.d.s.r.aws.ConfigClusterResolver      : Resolving eureka endpoints via configuration
2023-12-05T10:04:18.037-03:00  INFO 33012 --- [AsyncResolver-bootstrap-executor-0] c.n.d.s.r.aws.ConfigClusterResolver      : Resolving eureka endpoints via configuration
2023-12-05T10:09:18.045-03:00  INFO 33012 --- [AsyncResolver-bootstrap-executor-0] c.n.d.s.r.aws.ConfigClusterResolver      : Resolving eureka endpoints via configuration
2023-12-05T10:14:18.054-03:00  INFO 33012 --- [AsyncResolver-bootstrap-executor-0] c.n.d.s.r.aws.ConfigClusterResolver      : Resolving eureka endpoints via configuration
2023-12-05T10:19:18.068-03:00  INFO 33012 --- [AsyncResolver-bootstrap-executor-0] c.n.d.s.r.aws.ConfigClusterResolver      : Resolving eureka endpoints via configuration
2023-12-05T10:24:18.080-03:00  INFO 33012 --- [AsyncResolver-bootstrap-executor-0] c.n.d.s.r.aws.ConfigClusterResolver      : Resolving eureka endpoints via configuration
