2023-12-05T09:36:36.616-03:00  INFO 17044 --- [restartedMain] c.g.a.m.MsAvaliadorCreditoApplication    : Starting MsAvaliadorCreditoApplication using Java 17.0.5 with PID 17044 (C:\Users\alexn\Documents\workspace-spring-tool-suite-4-4.17.0.RELEASE\curso-micro-services\msavaliadorcredito\target\classes started by alexn in C:\Users\alexn\Documents\workspace-spring-tool-suite-4-4.17.0.RELEASE\curso-micro-services\msavaliadorcredito)
2023-12-05T09:36:36.626-03:00  INFO 17044 --- [restartedMain] c.g.a.m.MsAvaliadorCreditoApplication    : No active profile set, falling back to 1 default profile: "default"
2023-12-05T09:36:36.714-03:00  INFO 17044 --- [restartedMain] .e.DevToolsPropertyDefaultsPostProcessor : Devtools property defaults active! Set 'spring.devtools.add-properties' to 'false' to disable
2023-12-05T09:36:36.715-03:00  INFO 17044 --- [restartedMain] .e.DevToolsPropertyDefaultsPostProcessor : For additional web related logging consider setting the 'logging.level.web' property to 'DEBUG'
2023-12-05T09:36:37.991-03:00  INFO 17044 --- [restartedMain] o.s.cloud.context.scope.GenericScope     : BeanFactory id=877cfa65-d167-3274-862a-7e54b1a2db6d
2023-12-05T09:36:38.022-03:00  INFO 17044 --- [restartedMain] trationDelegate$BeanPostProcessorChecker : Bean 'com.github.alexnascimento2121.msAvaliadorCredito.Service.infra.CartoesResourceClient' of type [org.springframework.cloud.openfeign.FeignClientFactoryBean] is not eligible for getting processed by all BeanPostProcessors (for example: not eligible for auto-proxying)
2023-12-05T09:36:38.023-03:00  INFO 17044 --- [restartedMain] trationDelegate$BeanPostProcessorChecker : Bean 'com.github.alexnascimento2121.msAvaliadorCredito.Service.infra.ClienteResourceClient' of type [org.springframework.cloud.openfeign.FeignClientFactoryBean] is not eligible for getting processed by all BeanPostProcessors (for example: not eligible for auto-proxying)
2023-12-05T09:36:38.590-03:00  INFO 17044 --- [restartedMain] o.s.b.w.embedded.tomcat.TomcatWebServer  : Tomcat initialized with port(s): 0 (http)
2023-12-05T09:36:38.601-03:00  INFO 17044 --- [restartedMain] o.apache.catalina.core.StandardService   : Starting service [Tomcat]
2023-12-05T09:36:38.602-03:00  INFO 17044 --- [restartedMain] o.apache.catalina.core.StandardEngine    : Starting Servlet engine: [Apache Tomcat/10.1.16]
2023-12-05T09:36:38.671-03:00  INFO 17044 --- [restartedMain] o.a.c.c.C.[Tomcat].[localhost].[/]       : Initializing Spring embedded WebApplicationContext
2023-12-05T09:36:38.672-03:00  INFO 17044 --- [restartedMain] w.s.c.ServletWebServerApplicationContext : Root WebApplicationContext: initialization completed in 1956 ms
2023-12-05T09:36:39.151-03:00  WARN 17044 --- [restartedMain] o.s.b.d.a.OptionalLiveReloadServer       : Unable to start LiveReload server
2023-12-05T09:36:39.197-03:00  INFO 17044 --- [restartedMain] o.s.c.openfeign.FeignClientFactoryBean   : For 'msclientes' URL not provided. Will try picking an instance via load-balancing.
2023-12-05T09:36:39.285-03:00  INFO 17044 --- [restartedMain] o.s.c.openfeign.FeignClientFactoryBean   : For 'mscartoes' URL not provided. Will try picking an instance via load-balancing.
2023-12-05T09:36:40.634-03:00  INFO 17044 --- [restartedMain] DiscoveryClientOptionalArgsConfiguration : Eureka HTTP Client uses RestTemplate.
2023-12-05T09:36:40.654-03:00  WARN 17044 --- [restartedMain] iguration$LoadBalancerCaffeineWarnLogger : Spring Cloud LoadBalancer is currently working with the default cache. While this cache implementation is useful for development and tests, it's recommended to use Caffeine cache in production.You can switch to using Caffeine cache, by adding it and org.springframework.cache.caffeine.CaffeineCacheManager to the classpath.
2023-12-05T09:36:40.667-03:00  INFO 17044 --- [restartedMain] o.s.b.a.e.web.EndpointLinksResolver      : Exposing 17 endpoint(s) beneath base path '/actuator'
2023-12-05T09:36:40.786-03:00  INFO 17044 --- [restartedMain] o.s.b.w.embedded.tomcat.TomcatWebServer  : Tomcat started on port(s): 64955 (http) with context path ''
2023-12-05T09:36:40.787-03:00  INFO 17044 --- [restartedMain] .s.c.n.e.s.EurekaAutoServiceRegistration : Updating port to 64955
2023-12-05T09:36:40.792-03:00  INFO 17044 --- [restartedMain] o.s.c.n.eureka.InstanceInfoFactory       : Setting initial instance status as: STARTING
2023-12-05T09:36:40.852-03:00  INFO 17044 --- [restartedMain] com.netflix.discovery.DiscoveryClient    : Initializing Eureka in region us-east-1
2023-12-05T09:36:40.858-03:00  INFO 17044 --- [restartedMain] c.n.d.s.r.aws.ConfigClusterResolver      : Resolving eureka endpoints via configuration
2023-12-05T09:36:40.878-03:00  INFO 17044 --- [restartedMain] com.netflix.discovery.DiscoveryClient    : Disable delta property : false
2023-12-05T09:36:40.878-03:00  INFO 17044 --- [restartedMain] com.netflix.discovery.DiscoveryClient    : Single vip registry refresh property : null
2023-12-05T09:36:40.878-03:00  INFO 17044 --- [restartedMain] com.netflix.discovery.DiscoveryClient    : Force full registry fetch : false
2023-12-05T09:36:40.878-03:00  INFO 17044 --- [restartedMain] com.netflix.discovery.DiscoveryClient    : Application is null : false
2023-12-05T09:36:40.878-03:00  INFO 17044 --- [restartedMain] com.netflix.discovery.DiscoveryClient    : Registered Applications size is zero : true
2023-12-05T09:36:40.878-03:00  INFO 17044 --- [restartedMain] com.netflix.discovery.DiscoveryClient    : Application version is -1: true
2023-12-05T09:36:40.878-03:00  INFO 17044 --- [restartedMain] com.netflix.discovery.DiscoveryClient    : Getting all instance registry info from the eureka server
2023-12-05T09:36:41.174-03:00  INFO 17044 --- [restartedMain] com.netflix.discovery.DiscoveryClient    : The response status is 200
2023-12-05T09:36:41.177-03:00  INFO 17044 --- [restartedMain] com.netflix.discovery.DiscoveryClient    : Starting heartbeat executor: renew interval is: 30
2023-12-05T09:36:41.179-03:00  INFO 17044 --- [restartedMain] c.n.discovery.InstanceInfoReplicator     : InstanceInfoReplicator onDemand update allowed rate per min is 4
2023-12-05T09:36:41.182-03:00  INFO 17044 --- [restartedMain] com.netflix.discovery.DiscoveryClient    : Discovery Client initialized at timestamp 1701779801182 with initial instances count: 3
2023-12-05T09:36:41.184-03:00  INFO 17044 --- [restartedMain] o.s.c.n.e.s.EurekaServiceRegistry        : Registering application MSAVALIADORCREDITO with eureka with status UP
2023-12-05T09:36:41.184-03:00  INFO 17044 --- [restartedMain] com.netflix.discovery.DiscoveryClient    : Saw local status change event StatusChangeEvent [timestamp=1701779801184, current=UP, previous=STARTING]
2023-12-05T09:36:41.185-03:00  INFO 17044 --- [DiscoveryClient-InstanceInfoReplicator-0] com.netflix.discovery.DiscoveryClient    : DiscoveryClient_MSAVALIADORCREDITO/msavaliadorcredito:320151a69a72f50ffed8e9c8104694a8: registering service...
2023-12-05T09:36:41.263-03:00  INFO 17044 --- [restartedMain] c.g.a.m.MsAvaliadorCreditoApplication    : Started MsAvaliadorCreditoApplication in 5.135 seconds (process running for 5.624)
2023-12-05T09:36:41.276-03:00  INFO 17044 --- [DiscoveryClient-InstanceInfoReplicator-0] com.netflix.discovery.DiscoveryClient    : DiscoveryClient_MSAVALIADORCREDITO/msavaliadorcredito:320151a69a72f50ffed8e9c8104694a8 - registration status: 204
2023-12-05T09:41:40.894-03:00  INFO 17044 --- [AsyncResolver-bootstrap-executor-0] c.n.d.s.r.aws.ConfigClusterResolver      : Resolving eureka endpoints via configuration
2023-12-05T09:46:40.905-03:00  INFO 17044 --- [AsyncResolver-bootstrap-executor-0] c.n.d.s.r.aws.ConfigClusterResolver      : Resolving eureka endpoints via configuration
2023-12-05T09:51:40.911-03:00  INFO 17044 --- [AsyncResolver-bootstrap-executor-0] c.n.d.s.r.aws.ConfigClusterResolver      : Resolving eureka endpoints via configuration
2023-12-05T09:56:40.916-03:00  INFO 17044 --- [AsyncResolver-bootstrap-executor-0] c.n.d.s.r.aws.ConfigClusterResolver      : Resolving eureka endpoints via configuration
2023-12-05T10:01:40.918-03:00  INFO 17044 --- [AsyncResolver-bootstrap-executor-0] c.n.d.s.r.aws.ConfigClusterResolver      : Resolving eureka endpoints via configuration
2023-12-05T10:06:40.931-03:00  INFO 17044 --- [AsyncResolver-bootstrap-executor-0] c.n.d.s.r.aws.ConfigClusterResolver      : Resolving eureka endpoints via configuration
2023-12-05T10:11:40.934-03:00  INFO 17044 --- [AsyncResolver-bootstrap-executor-0] c.n.d.s.r.aws.ConfigClusterResolver      : Resolving eureka endpoints via configuration
2023-12-05T10:16:40.938-03:00  INFO 17044 --- [AsyncResolver-bootstrap-executor-0] c.n.d.s.r.aws.ConfigClusterResolver      : Resolving eureka endpoints via configuration
2023-12-05T10:21:40.953-03:00  INFO 17044 --- [AsyncResolver-bootstrap-executor-0] c.n.d.s.r.aws.ConfigClusterResolver      : Resolving eureka endpoints via configuration
